This is pdfTeX, Version 3.14159265-2.6-1.40.21 (MiKTeX 21.1) (preloaded format=pdflatex 2021.2.11)  18 FEB 2021 03:02
entering extended mode
**./summary.tex
(summary.tex
LaTeX2e <2020-10-01> patch level 4
L3 programming layer <2021-01-09> xparse <2020-03-03>
(C:\Users\nena2\AppData\Local\Programs\MiKTeX\tex/latex/subfiles\subfiles.cls
Document Class: subfiles 2020/11/14 v2.2 Multi-file projects (class)
Preamble taken from file `../body.tex'
(C:\Users\nena2\AppData\Local\Programs\MiKTeX\tex/latex/import\import.sty
Package: import 2020/04/01  v 6.2
)
(../body.tex

! LaTeX Error: Option clash for document class subfiles.

See the LaTeX manual or LaTeX Companion for explanation.
Type  H <return>  for immediate help.
 ...                                              
                                                  
l.2 \begin
          {document}
The package subfiles has already been loaded with options:
  [../body.tex]
There has now been an attempt to load it with options
  [main.tex]
Adding the global options:
  ../body.tex,main.tex
to your \documentclass declaration may fix this.
Try typing  <return>  to proceed.


(C:\Users\nena2\AppData\Local\Programs\MiKTeX\tex/latex/l3backend\l3backend-pdf
tex.def
File: l3backend-pdftex.def 2021-01-09 L3 backend support: PDF output (pdfTeX)
\l__kernel_color_stack_int=\count177
\l__pdf_internal_box=\box47
) (summary.aux)
\openout1 = `summary.aux'.

LaTeX Font Info:    Checking defaults for OML/cmm/m/it on input line 2.
LaTeX Font Info:    ... okay on input line 2.
LaTeX Font Info:    Checking defaults for OMS/cmsy/m/n on input line 2.
LaTeX Font Info:    ... okay on input line 2.
LaTeX Font Info:    Checking defaults for OT1/cmr/m/n on input line 2.
LaTeX Font Info:    ... okay on input line 2.
LaTeX Font Info:    Checking defaults for T1/cmr/m/n on input line 2.
LaTeX Font Info:    ... okay on input line 2.
LaTeX Font Info:    Checking defaults for TS1/cmr/m/n on input line 2.
LaTeX Font Info:    ... okay on input line 2.
LaTeX Font Info:    Checking defaults for OMX/cmex/m/n on input line 2.
LaTeX Font Info:    ... okay on input line 2.
LaTeX Font Info:    Checking defaults for U/cmr/m/n on input line 2.
LaTeX Font Info:    ... okay on input line 2.


! LaTeX Error: The font size command \normalsize is not defined:
               there is probably something wrong with the class file.

See the LaTeX manual or LaTeX Companion for explanation.
Type  H <return>  for immediate help.
 ...                                              
                                                  
l.2 \begin{document}
                    
Your command was ignored.
Type  I <command> <return>  to replace it with another command,
or  <return>  to continue without it.

! Undefined control sequence.
l.3 \section
            {–ü–æ—Å—Ç–∞–Ω–æ–≤–∫–∞ –∑–∞–¥–∞—á–∏}
The control sequence at the end of the top line
of your error message was never \def'ed. If you have
misspelled it (e.g., `\hobx'), type `I' and the correct
spelling (e.g., `I\hbox'). Otherwise just continue,
and I'll forget about whatever was undefined.


! Package inputenc Error: Unicode character –ü (U+041F)
(inputenc)                not set up for use with LaTeX.

See the inputenc package documentation for explanation.
Type  H <return>  for immediate help.
 ...                                              
                                                  
l.3 \section{–ü
               –æ—Å—Ç–∞–Ω–æ–≤–∫–∞ –∑–∞–¥–∞—á–∏}
You may provide a definition with
\DeclareUnicodeCharacter 


! Package inputenc Error: Unicode character –æ (U+043E)
(inputenc)                not set up for use with LaTeX.

See the inputenc package documentation for explanation.
Type  H <return>  for immediate help.
 ...                                              
                                                  
l.3 \section{–ü–æ
                 —Å—Ç–∞–Ω–æ–≤–∫–∞ –∑–∞–¥–∞—á–∏}
You may provide a definition with
\DeclareUnicodeCharacter 


! Package inputenc Error: Unicode character —Å (U+0441)
(inputenc)                not set up for use with LaTeX.

See the inputenc package documentation for explanation.
Type  H <return>  for immediate help.
 ...                                              
                                                  
l.3 \section{–ü–æ—Å
                   —Ç–∞–Ω–æ–≤–∫–∞ –∑–∞–¥–∞—á–∏}
You may provide a definition with
\DeclareUnicodeCharacter 


! Package inputenc Error: Unicode character —Ç (U+0442)
(inputenc)                not set up for use with LaTeX.

See the inputenc package documentation for explanation.
Type  H <return>  for immediate help.
 ...                                              
                                                  
l.3 \section{–ü–æ—Å—Ç
                     –∞–Ω–æ–≤–∫–∞ –∑–∞–¥–∞—á–∏}
You may provide a definition with
\DeclareUnicodeCharacter 


! Package inputenc Error: Unicode character –∞ (U+0430)
(inputenc)                not set up for use with LaTeX.

See the inputenc package documentation for explanation.
Type  H <return>  for immediate help.
 ...                                              
                                                  
l.3 \section{–ü–æ—Å—Ç–∞
                       –Ω–æ–≤–∫–∞ –∑–∞–¥–∞—á–∏}
You may provide a definition with
\DeclareUnicodeCharacter 


! Package inputenc Error: Unicode character –Ω (U+043D)
(inputenc)                not set up for use with LaTeX.

See the inputenc package documentation for explanation.
Type  H <return>  for immediate help.
 ...                                              
                                                  
l.3 \section{–ü–æ—Å—Ç–∞–Ω
                         –æ–≤–∫–∞ –∑–∞–¥–∞—á–∏}
You may provide a definition with
\DeclareUnicodeCharacter 


! Package inputenc Error: Unicode character –æ (U+043E)
(inputenc)                not set up for use with LaTeX.

See the inputenc package documentation for explanation.
Type  H <return>  for immediate help.
 ...                                              
                                                  
l.3 \section{–ü–æ—Å—Ç–∞–Ω–æ
                           –≤–∫–∞ –∑–∞–¥–∞—á–∏}
You may provide a definition with
\DeclareUnicodeCharacter 


! Package inputenc Error: Unicode character –≤ (U+0432)
(inputenc)                not set up for use with LaTeX.

See the inputenc package documentation for explanation.
Type  H <return>  for immediate help.
 ...                                              
                                                  
l.3 \section{–ü–æ—Å—Ç–∞–Ω–æ–≤
                             –∫–∞ –∑–∞–¥–∞—á–∏}
You may provide a definition with
\DeclareUnicodeCharacter 


! Package inputenc Error: Unicode character –∫ (U+043A)
(inputenc)                not set up for use with LaTeX.

See the inputenc package documentation for explanation.
Type  H <return>  for immediate help.
 ...                                              
                                                  
l.3 \section{–ü–æ—Å—Ç–∞–Ω–æ–≤–∫
                               –∞ –∑–∞–¥–∞—á–∏}
You may provide a definition with
\DeclareUnicodeCharacter 


! Package inputenc Error: Unicode character –∞ (U+0430)
(inputenc)                not set up for use with LaTeX.

See the inputenc package documentation for explanation.
Type  H <return>  for immediate help.
 ...                                              
                                                  
l.3 \section{–ü–æ—Å—Ç–∞–Ω–æ–≤–∫–∞
                                  –∑–∞–¥–∞—á–∏}
You may provide a definition with
\DeclareUnicodeCharacter 


! Package inputenc Error: Unicode character –∑ (U+0437)
(inputenc)                not set up for use with LaTeX.

See the inputenc package documentation for explanation.
Type  H <return>  for immediate help.
 ...                                              
                                                  
l.3 \section{–ü–æ—Å—Ç–∞–Ω–æ–≤–∫–∞ –∑
                                    –∞–¥–∞—á–∏}
You may provide a definition with
\DeclareUnicodeCharacter 


! Package inputenc Error: Unicode character –∞ (U+0430)
(inputenc)                not set up for use with LaTeX.

See the inputenc package documentation for explanation.
Type  H <return>  for immediate help.
 ...                                              
                                                  
l.3 \section{–ü–æ—Å—Ç–∞–Ω–æ–≤–∫–∞ –∑–∞
                                      –¥–∞—á–∏}
You may provide a definition with
\DeclareUnicodeCharacter 


! Package inputenc Error: Unicode character –¥ (U+0434)
(inputenc)                not set up for use with LaTeX.

See the inputenc package documentation for explanation.
Type  H <return>  for immediate help.
 ...                                              
                                                  
l.3 \section{–ü–æ—Å—Ç–∞–Ω–æ–≤–∫–∞ –∑–∞–¥
                                        –∞—á–∏}
You may provide a definition with
\DeclareUnicodeCharacter 


! Package inputenc Error: Unicode character –∞ (U+0430)
(inputenc)                not set up for use with LaTeX.

See the inputenc package documentation for explanation.
Type  H <return>  for immediate help.
 ...                                              
                                                  
l.3 \section{–ü–æ—Å—Ç–∞–Ω–æ–≤–∫–∞ –∑–∞–¥–∞
                                          —á–∏}
You may provide a definition with
\DeclareUnicodeCharacter 


! Package inputenc Error: Unicode character —á (U+0447)
(inputenc)                not set up for use with LaTeX.

See the inputenc package documentation for explanation.
Type  H <return>  for immediate help.
 ...                                              
                                                  
l.3 \section{–ü–æ—Å—Ç–∞–Ω–æ–≤–∫–∞ –∑–∞–¥–∞—á
                                            –∏}
You may provide a definition with
\DeclareUnicodeCharacter 


! Package inputenc Error: Unicode character –∏ (U+0438)
(inputenc)                not set up for use with LaTeX.

See the inputenc package documentation for explanation.
Type  H <return>  for immediate help.
 ...                                              
                                                  
l.3 \section{–ü–æ—Å—Ç–∞–Ω–æ–≤–∫–∞ –∑–∞–¥–∞—á–∏
                                              }
You may provide a definition with
\DeclareUnicodeCharacter 

! Undefined control sequence.
l.4 \subfile
            {parts/problem.tex}
The control sequence at the end of the top line
of your error message was never \def'ed. If you have
misspelled it (e.g., `\hobx'), type `I' and the correct
spelling (e.g., `I\hbox'). Otherwise just continue,
and I'll forget about whatever was undefined.

! Undefined control sequence.
l.5 \section
            {–ò—Å—Å–ª–µ–¥–æ–≤–∞–Ω–∏–µ –ø—Ä–∏–º–µ–Ω–∏–º–æ—Å—Ç–∏ –º–µ—Ç–æ–¥–∞}
The control sequence at the end of the top line
of your error message was never \def'ed. If you have
misspelled it (e.g., `\hobx'), type `I' and the correct
spelling (e.g., `I\hbox'). Otherwise just continue,
and I'll forget about whatever was undefined.


! Package inputenc Error: Unicode character –ò (U+0418)
(inputenc)                not set up for use with LaTeX.

See the inputenc package documentation for explanation.
Type  H <return>  for immediate help.
 ...                                              
                                                  
l.5 \section{–ò
               —Å—Å–ª–µ–¥–æ–≤–∞–Ω–∏–µ –ø—Ä–∏–º–µ–Ω–∏–º–æ—Å—Ç–∏ –º–µ—Ç–æ–¥–∞}
You may provide a definition with
\DeclareUnicodeCharacter 


! Package inputenc Error: Unicode character —Å (U+0441)
(inputenc)                not set up for use with LaTeX.

See the inputenc package documentation for explanation.
Type  H <return>  for immediate help.
 ...                                              
                                                  
l.5 \section{–ò—Å
                 —Å–ª–µ–¥–æ–≤–∞–Ω–∏–µ –ø—Ä–∏–º–µ–Ω–∏–º–æ—Å—Ç–∏ –º–µ—Ç–æ–¥–∞}
You may provide a definition with
\DeclareUnicodeCharacter 


! Package inputenc Error: Unicode character —Å (U+0441)
(inputenc)                not set up for use with LaTeX.

See the inputenc package documentation for explanation.
Type  H <return>  for immediate help.
 ...                                              
                                                  
l.5 \section{–ò—Å—Å
                   –ª–µ–¥–æ–≤–∞–Ω–∏–µ –ø—Ä–∏–º–µ–Ω–∏–º–æ—Å—Ç–∏ –º–µ—Ç–æ–¥–∞}
You may provide a definition with
\DeclareUnicodeCharacter 


! Package inputenc Error: Unicode character –ª (U+043B)
(inputenc)                not set up for use with LaTeX.

See the inputenc package documentation for explanation.
Type  H <return>  for immediate help.
 ...                                              
                                                  
l.5 \section{–ò—Å—Å–ª
                     –µ–¥–æ–≤–∞–Ω–∏–µ –ø—Ä–∏–º–µ–Ω–∏–º–æ—Å—Ç–∏ –º–µ—Ç–æ–¥–∞}
You may provide a definition with
\DeclareUnicodeCharacter 


! Package inputenc Error: Unicode character –µ (U+0435)
(inputenc)                not set up for use with LaTeX.

See the inputenc package documentation for explanation.
Type  H <return>  for immediate help.
 ...                                              
                                                  
l.5 \section{–ò—Å—Å–ª–µ
                       –¥–æ–≤–∞–Ω–∏–µ –ø—Ä–∏–º–µ–Ω–∏–º–æ—Å—Ç–∏ –º–µ—Ç–æ–¥–∞}
You may provide a definition with
\DeclareUnicodeCharacter 


! Package inputenc Error: Unicode character –¥ (U+0434)
(inputenc)                not set up for use with LaTeX.

See the inputenc package documentation for explanation.
Type  H <return>  for immediate help.
 ...                                              
                                                  
l.5 \section{–ò—Å—Å–ª–µ–¥
                         –æ–≤–∞–Ω–∏–µ –ø—Ä–∏–º–µ–Ω–∏–º–æ—Å—Ç–∏ –º–µ—Ç–æ–¥–∞}
You may provide a definition with
\DeclareUnicodeCharacter 


! Package inputenc Error: Unicode character –æ (U+043E)
(inputenc)                not set up for use with LaTeX.

See the inputenc package documentation for explanation.
Type  H <return>  for immediate help.
 ...                                              
                                                  
l.5 \section{–ò—Å—Å–ª–µ–¥–æ
                           –≤–∞–Ω–∏–µ –ø—Ä–∏–º–µ–Ω–∏–º–æ—Å—Ç–∏ –º–µ—Ç–æ–¥–∞}
You may provide a definition with
\DeclareUnicodeCharacter 


! Package inputenc Error: Unicode character –≤ (U+0432)
(inputenc)                not set up for use with LaTeX.

See the inputenc package documentation for explanation.
Type  H <return>  for immediate help.
 ...                                              
                                                  
l.5 \section{–ò—Å—Å–ª–µ–¥–æ–≤
                             –∞–Ω–∏–µ –ø—Ä–∏–º–µ–Ω–∏–º–æ—Å—Ç–∏ –º–µ—Ç–æ–¥–∞}
You may provide a definition with
\DeclareUnicodeCharacter 


! Package inputenc Error: Unicode character –∞ (U+0430)
(inputenc)                not set up for use with LaTeX.

See the inputenc package documentation for explanation.
Type  H <return>  for immediate help.
 ...                                              
                                                  
l.5 \section{–ò—Å—Å–ª–µ–¥–æ–≤–∞
                               –Ω–∏–µ –ø—Ä–∏–º–µ–Ω–∏–º–æ—Å—Ç–∏ –º–µ—Ç–æ–¥–∞}
You may provide a definition with
\DeclareUnicodeCharacter 


! Package inputenc Error: Unicode character –Ω (U+043D)
(inputenc)                not set up for use with LaTeX.

See the inputenc package documentation for explanation.
Type  H <return>  for immediate help.
 ...                                              
                                                  
l.5 \section{–ò—Å—Å–ª–µ–¥–æ–≤–∞–Ω
                                 –∏–µ –ø—Ä–∏–º–µ–Ω–∏–º–æ—Å—Ç–∏ –º–µ—Ç–æ–¥–∞}
You may provide a definition with
\DeclareUnicodeCharacter 


! Package inputenc Error: Unicode character –∏ (U+0438)
(inputenc)                not set up for use with LaTeX.

See the inputenc package documentation for explanation.
Type  H <return>  for immediate help.
 ...                                              
                                                  
l.5 \section{–ò—Å—Å–ª–µ–¥–æ–≤–∞–Ω–∏
                                   –µ –ø—Ä–∏–º–µ–Ω–∏–º–æ—Å—Ç–∏ –º–µ—Ç–æ–¥–∞}
You may provide a definition with
\DeclareUnicodeCharacter 


! Package inputenc Error: Unicode character –µ (U+0435)
(inputenc)                not set up for use with LaTeX.

See the inputenc package documentation for explanation.
Type  H <return>  for immediate help.
 ...                                              
                                                  
l.5 \section{–ò—Å—Å–ª–µ–¥–æ–≤–∞–Ω–∏–µ
                                      –ø—Ä–∏–º–µ–Ω–∏–º–æ—Å—Ç–∏ –º–µ—Ç–æ–¥–∞}
You may provide a definition with
\DeclareUnicodeCharacter 


! Package inputenc Error: Unicode character –ø (U+043F)
(inputenc)                not set up for use with LaTeX.

See the inputenc package documentation for explanation.
Type  H <return>  for immediate help.
 ...                                              
                                                  
l.5 \section{–ò—Å—Å–ª–µ–¥–æ–≤–∞–Ω–∏–µ –ø
                                        —Ä–∏–º–µ–Ω–∏–º–æ—Å—Ç–∏ –º–µ—Ç–æ–¥–∞}
You may provide a definition with
\DeclareUnicodeCharacter 


! Package inputenc Error: Unicode character —Ä (U+0440)
(inputenc)                not set up for use with LaTeX.

See the inputenc package documentation for explanation.
Type  H <return>  for immediate help.
 ...                                              
                                                  
l.5 \section{–ò—Å—Å–ª–µ–¥–æ–≤–∞–Ω–∏–µ –ø—Ä
                                          –∏–º–µ–Ω–∏–º–æ—Å—Ç–∏ –º–µ—Ç–æ–¥–∞}
You may provide a definition with
\DeclareUnicodeCharacter 


! Package inputenc Error: Unicode character –∏ (U+0438)
(inputenc)                not set up for use with LaTeX.

See the inputenc package documentation for explanation.
Type  H <return>  for immediate help.
 ...                                              
                                                  
l.5 \section{–ò—Å—Å–ª–µ–¥–æ–≤–∞–Ω–∏–µ –ø—Ä–∏
                                            –º–µ–Ω–∏–º–æ—Å—Ç–∏ –º–µ—Ç–æ–¥–∞}
You may provide a definition with
\DeclareUnicodeCharacter 


! Package inputenc Error: Unicode character –º (U+043C)
(inputenc)                not set up for use with LaTeX.

See the inputenc package documentation for explanation.
Type  H <return>  for immediate help.
 ...                                              
                                                  
l.5 \section{–ò—Å—Å–ª–µ–¥–æ–≤–∞–Ω–∏–µ –ø—Ä–∏–º
                                              –µ–Ω–∏–º–æ—Å—Ç–∏ –º–µ—Ç–æ–¥–∞}
You may provide a definition with
\DeclareUnicodeCharacter 


! Package inputenc Error: Unicode character –µ (U+0435)
(inputenc)                not set up for use with LaTeX.

See the inputenc package documentation for explanation.
Type  H <return>  for immediate help.
 ...                                              
                                                  
l.5 \section{–ò—Å—Å–ª–µ–¥–æ–≤–∞–Ω–∏–µ –ø—Ä–∏–º–µ
                                                –Ω–∏–º–æ—Å—Ç–∏ –º–µ—Ç–æ–¥–∞}
You may provide a definition with
\DeclareUnicodeCharacter 


! Package inputenc Error: Unicode character –Ω (U+043D)
(inputenc)                not set up for use with LaTeX.

See the inputenc package documentation for explanation.
Type  H <return>  for immediate help.
 ...                                              
                                                  
l.5 \section{–ò—Å—Å–ª–µ–¥–æ–≤–∞–Ω–∏–µ –ø—Ä–∏–º–µ–Ω
                                                  –∏–º–æ—Å—Ç–∏ –º–µ—Ç–æ–¥–∞}
You may provide a definition with
\DeclareUnicodeCharacter 


! Package inputenc Error: Unicode character –∏ (U+0438)
(inputenc)                not set up for use with LaTeX.

See the inputenc package documentation for explanation.
Type  H <return>  for immediate help.
 ...                                              
                                                  
l.5 ...ion{–ò—Å—Å–ª–µ–¥–æ–≤–∞–Ω–∏–µ –ø—Ä–∏–º–µ–Ω–∏
                                                  –º–æ—Å—Ç–∏ –º–µ—Ç–æ–¥–∞}
You may provide a definition with
\DeclareUnicodeCharacter 


! Package inputenc Error: Unicode character –º (U+043C)
(inputenc)                not set up for use with LaTeX.

See the inputenc package documentation for explanation.
Type  H <return>  for immediate help.
 ...                                              
                                                  
l.5 ...n{–ò—Å—Å–ª–µ–¥–æ–≤–∞–Ω–∏–µ –ø—Ä–∏–º–µ–Ω–∏–º
                                                  –æ—Å—Ç–∏ –º–µ—Ç–æ–¥–∞}
You may provide a definition with
\DeclareUnicodeCharacter 


! Package inputenc Error: Unicode character –æ (U+043E)
(inputenc)                not set up for use with LaTeX.

See the inputenc package documentation for explanation.
Type  H <return>  for immediate help.
 ...                                              
                                                  
l.5 ...–ò—Å—Å–ª–µ–¥–æ–≤–∞–Ω–∏–µ –ø—Ä–∏–º–µ–Ω–∏–º–æ
                                                  —Å—Ç–∏ –º–µ—Ç–æ–¥–∞}
You may provide a definition with
\DeclareUnicodeCharacter 


! Package inputenc Error: Unicode character —Å (U+0441)
(inputenc)                not set up for use with LaTeX.

See the inputenc package documentation for explanation.
Type  H <return>  for immediate help.
 ...                                              
                                                  
l.5 ...—Å—Å–ª–µ–¥–æ–≤–∞–Ω–∏–µ –ø—Ä–∏–º–µ–Ω–∏–º–æ—Å
                                                  —Ç–∏ –º–µ—Ç–æ–¥–∞}
You may provide a definition with
\DeclareUnicodeCharacter 


! Package inputenc Error: Unicode character —Ç (U+0442)
(inputenc)                not set up for use with LaTeX.

See the inputenc package documentation for explanation.
Type  H <return>  for immediate help.
 ...                                              
                                                  
l.5 ...—Å–ª–µ–¥–æ–≤–∞–Ω–∏–µ –ø—Ä–∏–º–µ–Ω–∏–º–æ—Å—Ç
                                                  –∏ –º–µ—Ç–æ–¥–∞}
You may provide a definition with
\DeclareUnicodeCharacter 


! Package inputenc Error: Unicode character –∏ (U+0438)
(inputenc)                not set up for use with LaTeX.

See the inputenc package documentation for explanation.
Type  H <return>  for immediate help.
 ...                                              
                                                  
l.5 ...–ª–µ–¥–æ–≤–∞–Ω–∏–µ –ø—Ä–∏–º–µ–Ω–∏–º–æ—Å—Ç–∏
                                                   –º–µ—Ç–æ–¥–∞}
You may provide a definition with
\DeclareUnicodeCharacter 


! Package inputenc Error: Unicode character –º (U+043C)
(inputenc)                not set up for use with LaTeX.

See the inputenc package documentation for explanation.
Type  H <return>  for immediate help.
 ...                                              
                                                  
l.5 ...µ–¥–æ–≤–∞–Ω–∏–µ –ø—Ä–∏–º–µ–Ω–∏–º–æ—Å—Ç–∏ –º
                                                  –µ—Ç–æ–¥–∞}
You may provide a definition with
\DeclareUnicodeCharacter 


! Package inputenc Error: Unicode character –µ (U+0435)
(inputenc)                not set up for use with LaTeX.

See the inputenc package documentation for explanation.
Type  H <return>  for immediate help.
 ...                                              
                                                  
l.5 ...¥–æ–≤–∞–Ω–∏–µ –ø—Ä–∏–º–µ–Ω–∏–º–æ—Å—Ç–∏ –º–µ
                                                  —Ç–æ–¥–∞}
You may provide a definition with
\DeclareUnicodeCharacter 


! Package inputenc Error: Unicode character —Ç (U+0442)
(inputenc)                not set up for use with LaTeX.

See the inputenc package documentation for explanation.
Type  H <return>  for immediate help.
 ...                                              
                                                  
l.5 ...æ–≤–∞–Ω–∏–µ –ø—Ä–∏–º–µ–Ω–∏–º–æ—Å—Ç–∏ –º–µ—Ç
                                                  –æ–¥–∞}
You may provide a definition with
\DeclareUnicodeCharacter 


! Package inputenc Error: Unicode character –æ (U+043E)
(inputenc)                not set up for use with LaTeX.

See the inputenc package documentation for explanation.
Type  H <return>  for immediate help.
 ...                                              
                                                  
l.5 ...≤–∞–Ω–∏–µ –ø—Ä–∏–º–µ–Ω–∏–º–æ—Å—Ç–∏ –º–µ—Ç–æ
                                                  –¥–∞}
You may provide a definition with
\DeclareUnicodeCharacter 


! Package inputenc Error: Unicode character –¥ (U+0434)
(inputenc)                not set up for use with LaTeX.

See the inputenc package documentation for explanation.
Type  H <return>  for immediate help.
 ...                                              
                                                  
l.5 ...∞–Ω–∏–µ –ø—Ä–∏–º–µ–Ω–∏–º–æ—Å—Ç–∏ –º–µ—Ç–æ–¥
                                                  –∞}
You may provide a definition with
\DeclareUnicodeCharacter 


! Package inputenc Error: Unicode character –∞ (U+0430)
(inputenc)                not set up for use with LaTeX.

See the inputenc package documentation for explanation.
Type  H <return>  for immediate help.
 ...                                              
                                                  
l.5 ...Ω–∏–µ –ø—Ä–∏–º–µ–Ω–∏–º–æ—Å—Ç–∏ –º–µ—Ç–æ–¥–∞
                                                  }
You may provide a definition with
\DeclareUnicodeCharacter 

! Undefined control sequence.
l.6 \subfile
            {parts/theory.tex}
The control sequence at the end of the top line
of your error message was never \def'ed. If you have
misspelled it (e.g., `\hobx'), type `I' and the correct
spelling (e.g., `I\hbox'). Otherwise just continue,
and I'll forget about whatever was undefined.

! Undefined control sequence.
l.7 \section
            {–û–ø–∏—Å–∞–Ω–∏–µ –∞–ª–≥–æ—Ä–∏—Ç–º–∞}
The control sequence at the end of the top line
of your error message was never \def'ed. If you have
misspelled it (e.g., `\hobx'), type `I' and the correct
spelling (e.g., `I\hbox'). Otherwise just continue,
and I'll forget about whatever was undefined.


! Package inputenc Error: Unicode character –û (U+041E)
(inputenc)                not set up for use with LaTeX.

See the inputenc package documentation for explanation.
Type  H <return>  for immediate help.
 ...                                              
                                                  
l.7 \section{–û
               –ø–∏—Å–∞–Ω–∏–µ –∞–ª–≥–æ—Ä–∏—Ç–º–∞}
You may provide a definition with
\DeclareUnicodeCharacter 


! Package inputenc Error: Unicode character –ø (U+043F)
(inputenc)                not set up for use with LaTeX.

See the inputenc package documentation for explanation.
Type  H <return>  for immediate help.
 ...                                              
                                                  
l.7 \section{–û–ø
                 –∏—Å–∞–Ω–∏–µ –∞–ª–≥–æ—Ä–∏—Ç–º–∞}
You may provide a definition with
\DeclareUnicodeCharacter 


! Package inputenc Error: Unicode character –∏ (U+0438)
(inputenc)                not set up for use with LaTeX.

See the inputenc package documentation for explanation.
Type  H <return>  for immediate help.
 ...                                              
                                                  
l.7 \section{–û–ø–∏
                   —Å–∞–Ω–∏–µ –∞–ª–≥–æ—Ä–∏—Ç–º–∞}
You may provide a definition with
\DeclareUnicodeCharacter 


! Package inputenc Error: Unicode character —Å (U+0441)
(inputenc)                not set up for use with LaTeX.

See the inputenc package documentation for explanation.
Type  H <return>  for immediate help.
 ...                                              
                                                  
l.7 \section{–û–ø–∏—Å
                     –∞–Ω–∏–µ –∞–ª–≥–æ—Ä–∏—Ç–º–∞}
You may provide a definition with
\DeclareUnicodeCharacter 


! Package inputenc Error: Unicode character –∞ (U+0430)
(inputenc)                not set up for use with LaTeX.

See the inputenc package documentation for explanation.
Type  H <return>  for immediate help.
 ...                                              
                                                  
l.7 \section{–û–ø–∏—Å–∞
                       –Ω–∏–µ –∞–ª–≥–æ—Ä–∏—Ç–º–∞}
You may provide a definition with
\DeclareUnicodeCharacter 


! Package inputenc Error: Unicode character –Ω (U+043D)
(inputenc)                not set up for use with LaTeX.

See the inputenc package documentation for explanation.
Type  H <return>  for immediate help.
 ...                                              
                                                  
l.7 \section{–û–ø–∏—Å–∞–Ω
                         –∏–µ –∞–ª–≥–æ—Ä–∏—Ç–º–∞}
You may provide a definition with
\DeclareUnicodeCharacter 


! Package inputenc Error: Unicode character –∏ (U+0438)
(inputenc)                not set up for use with LaTeX.

See the inputenc package documentation for explanation.
Type  H <return>  for immediate help.
 ...                                              
                                                  
l.7 \section{–û–ø–∏—Å–∞–Ω–∏
                           –µ –∞–ª–≥–æ—Ä–∏—Ç–º–∞}
You may provide a definition with
\DeclareUnicodeCharacter 


! Package inputenc Error: Unicode character –µ (U+0435)
(inputenc)                not set up for use with LaTeX.

See the inputenc package documentation for explanation.
Type  H <return>  for immediate help.
 ...                                              
                                                  
l.7 \section{–û–ø–∏—Å–∞–Ω–∏–µ
                              –∞–ª–≥–æ—Ä–∏—Ç–º–∞}
You may provide a definition with
\DeclareUnicodeCharacter 


! Package inputenc Error: Unicode character –∞ (U+0430)
(inputenc)                not set up for use with LaTeX.

See the inputenc package documentation for explanation.
Type  H <return>  for immediate help.
 ...                                              
                                                  
l.7 \section{–û–ø–∏—Å–∞–Ω–∏–µ –∞
                                –ª–≥–æ—Ä–∏—Ç–º–∞}
You may provide a definition with
\DeclareUnicodeCharacter 


! Package inputenc Error: Unicode character –ª (U+043B)
(inputenc)                not set up for use with LaTeX.

See the inputenc package documentation for explanation.
Type  H <return>  for immediate help.
 ...                                              
                                                  
l.7 \section{–û–ø–∏—Å–∞–Ω–∏–µ –∞–ª
                                  –≥–æ—Ä–∏—Ç–º–∞}
You may provide a definition with
\DeclareUnicodeCharacter 


! Package inputenc Error: Unicode character –≥ (U+0433)
(inputenc)                not set up for use with LaTeX.

See the inputenc package documentation for explanation.
Type  H <return>  for immediate help.
 ...                                              
                                                  
l.7 \section{–û–ø–∏—Å–∞–Ω–∏–µ –∞–ª–≥
                                    –æ—Ä–∏—Ç–º–∞}
You may provide a definition with
\DeclareUnicodeCharacter 


! Package inputenc Error: Unicode character –æ (U+043E)
(inputenc)                not set up for use with LaTeX.

See the inputenc package documentation for explanation.
Type  H <return>  for immediate help.
 ...                                              
                                                  
l.7 \section{–û–ø–∏—Å–∞–Ω–∏–µ –∞–ª–≥–æ
                                      —Ä–∏—Ç–º–∞}
You may provide a definition with
\DeclareUnicodeCharacter 


! Package inputenc Error: Unicode character —Ä (U+0440)
(inputenc)                not set up for use with LaTeX.

See the inputenc package documentation for explanation.
Type  H <return>  for immediate help.
 ...                                              
                                                  
l.7 \section{–û–ø–∏—Å–∞–Ω–∏–µ –∞–ª–≥–æ—Ä
                                        –∏—Ç–º–∞}
You may provide a definition with
\DeclareUnicodeCharacter 


! Package inputenc Error: Unicode character –∏ (U+0438)
(inputenc)                not set up for use with LaTeX.

See the inputenc package documentation for explanation.
Type  H <return>  for immediate help.
 ...                                              
                                                  
l.7 \section{–û–ø–∏—Å–∞–Ω–∏–µ –∞–ª–≥–æ—Ä–∏
                                          —Ç–º–∞}
You may provide a definition with
\DeclareUnicodeCharacter 


! Package inputenc Error: Unicode character —Ç (U+0442)
(inputenc)                not set up for use with LaTeX.

See the inputenc package documentation for explanation.
Type  H <return>  for immediate help.
 ...                                              
                                                  
l.7 \section{–û–ø–∏—Å–∞–Ω–∏–µ –∞–ª–≥–æ—Ä–∏—Ç
                                            –º–∞}
You may provide a definition with
\DeclareUnicodeCharacter 


! Package inputenc Error: Unicode character –º (U+043C)
(inputenc)                not set up for use with LaTeX.

See the inputenc package documentation for explanation.
Type  H <return>  for immediate help.
 ...                                              
                                                  
l.7 \section{–û–ø–∏—Å–∞–Ω–∏–µ –∞–ª–≥–æ—Ä–∏—Ç–º
                                              –∞}
You may provide a definition with
\DeclareUnicodeCharacter 


! Package inputenc Error: Unicode character –∞ (U+0430)
(inputenc)                not set up for use with LaTeX.

See the inputenc package documentation for explanation.
Type  H <return>  for immediate help.
 ...                                              
                                                  
l.7 \section{–û–ø–∏—Å–∞–Ω–∏–µ –∞–ª–≥–æ—Ä–∏—Ç–º–∞
                                                }
You may provide a definition with
\DeclareUnicodeCharacter 

! Undefined control sequence.
l.8 \subfile
            {parts/implementation.tex}
The control sequence at the end of the top line
of your error message was never \def'ed. If you have
misspelled it (e.g., `\hobx'), type `I' and the correct
spelling (e.g., `I\hbox'). Otherwise just continue,
and I'll forget about whatever was undefined.

! Undefined control sequence.
l.9 \section
            {–ü—Ä–∞–∫—Ç–∏—á–µ—Å–∫–æ–µ —Ä–µ—à–µ–Ω–∏–µ –∑–∞–¥–∞—á}
The control sequence at the end of the top line
of your error message was never \def'ed. If you have
misspelled it (e.g., `\hobx'), type `I' and the correct
spelling (e.g., `I\hbox'). Otherwise just continue,
and I'll forget about whatever was undefined.


! Package inputenc Error: Unicode character –ü (U+041F)
(inputenc)                not set up for use with LaTeX.

See the inputenc package documentation for explanation.
Type  H <return>  for immediate help.
 ...                                              
                                                  
l.9 \section{–ü
               —Ä–∞–∫—Ç–∏—á–µ—Å–∫–æ–µ —Ä–µ—à–µ–Ω–∏–µ –∑–∞–¥–∞—á}
You may provide a definition with
\DeclareUnicodeCharacter 


! Package inputenc Error: Unicode character —Ä (U+0440)
(inputenc)                not set up for use with LaTeX.

See the inputenc package documentation for explanation.
Type  H <return>  for immediate help.
 ...                                              
                                                  
l.9 \section{–ü—Ä
                 –∞–∫—Ç–∏—á–µ—Å–∫–æ–µ —Ä–µ—à–µ–Ω–∏–µ –∑–∞–¥–∞—á}
You may provide a definition with
\DeclareUnicodeCharacter 


! Package inputenc Error: Unicode character –∞ (U+0430)
(inputenc)                not set up for use with LaTeX.

See the inputenc package documentation for explanation.
Type  H <return>  for immediate help.
 ...                                              
                                                  
l.9 \section{–ü—Ä–∞
                   –∫—Ç–∏—á–µ—Å–∫–æ–µ —Ä–µ—à–µ–Ω–∏–µ –∑–∞–¥–∞—á}
You may provide a definition with
\DeclareUnicodeCharacter 


! Package inputenc Error: Unicode character –∫ (U+043A)
(inputenc)                not set up for use with LaTeX.

See the inputenc package documentation for explanation.
Type  H <return>  for immediate help.
 ...                                              
                                                  
l.9 \section{–ü—Ä–∞–∫
                     —Ç–∏—á–µ—Å–∫–æ–µ —Ä–µ—à–µ–Ω–∏–µ –∑–∞–¥–∞—á}
You may provide a definition with
\DeclareUnicodeCharacter 


! Package inputenc Error: Unicode character —Ç (U+0442)
(inputenc)                not set up for use with LaTeX.

See the inputenc package documentation for explanation.
Type  H <return>  for immediate help.
 ...                                              
                                                  
l.9 \section{–ü—Ä–∞–∫—Ç
                       –∏—á–µ—Å–∫–æ–µ —Ä–µ—à–µ–Ω–∏–µ –∑–∞–¥–∞—á}
You may provide a definition with
\DeclareUnicodeCharacter 


! Package inputenc Error: Unicode character –∏ (U+0438)
(inputenc)                not set up for use with LaTeX.

See the inputenc package documentation for explanation.
Type  H <return>  for immediate help.
 ...                                              
                                                  
l.9 \section{–ü—Ä–∞–∫—Ç–∏
                         —á–µ—Å–∫–æ–µ —Ä–µ—à–µ–Ω–∏–µ –∑–∞–¥–∞—á}
You may provide a definition with
\DeclareUnicodeCharacter 


! Package inputenc Error: Unicode character —á (U+0447)
(inputenc)                not set up for use with LaTeX.

See the inputenc package documentation for explanation.
Type  H <return>  for immediate help.
 ...                                              
                                                  
l.9 \section{–ü—Ä–∞–∫—Ç–∏—á
                           –µ—Å–∫–æ–µ —Ä–µ—à–µ–Ω–∏–µ –∑–∞–¥–∞—á}
You may provide a definition with
\DeclareUnicodeCharacter 


! Package inputenc Error: Unicode character –µ (U+0435)
(inputenc)                not set up for use with LaTeX.

See the inputenc package documentation for explanation.
Type  H <return>  for immediate help.
 ...                                              
                                                  
l.9 \section{–ü—Ä–∞–∫—Ç–∏—á–µ
                             —Å–∫–æ–µ —Ä–µ—à–µ–Ω–∏–µ –∑–∞–¥–∞—á}
You may provide a definition with
\DeclareUnicodeCharacter 


! Package inputenc Error: Unicode character —Å (U+0441)
(inputenc)                not set up for use with LaTeX.

See the inputenc package documentation for explanation.
Type  H <return>  for immediate help.
 ...                                              
                                                  
l.9 \section{–ü—Ä–∞–∫—Ç–∏—á–µ—Å
                               –∫–æ–µ —Ä–µ—à–µ–Ω–∏–µ –∑–∞–¥–∞—á}
You may provide a definition with
\DeclareUnicodeCharacter 


! Package inputenc Error: Unicode character –∫ (U+043A)
(inputenc)                not set up for use with LaTeX.

See the inputenc package documentation for explanation.
Type  H <return>  for immediate help.
 ...                                              
                                                  
l.9 \section{–ü—Ä–∞–∫—Ç–∏—á–µ—Å–∫
                                 –æ–µ —Ä–µ—à–µ–Ω–∏–µ –∑–∞–¥–∞—á}
You may provide a definition with
\DeclareUnicodeCharacter 


! Package inputenc Error: Unicode character –æ (U+043E)
(inputenc)                not set up for use with LaTeX.

See the inputenc package documentation for explanation.
Type  H <return>  for immediate help.
 ...                                              
                                                  
l.9 \section{–ü—Ä–∞–∫—Ç–∏—á–µ—Å–∫–æ
                                   –µ —Ä–µ—à–µ–Ω–∏–µ –∑–∞–¥–∞—á}
You may provide a definition with
\DeclareUnicodeCharacter 


! Package inputenc Error: Unicode character –µ (U+0435)
(inputenc)                not set up for use with LaTeX.

See the inputenc package documentation for explanation.
Type  H <return>  for immediate help.
 ...                                              
                                                  
l.9 \section{–ü—Ä–∞–∫—Ç–∏—á–µ—Å–∫–æ–µ
                                      —Ä–µ—à–µ–Ω–∏–µ –∑–∞–¥–∞—á}
You may provide a definition with
\DeclareUnicodeCharacter 


! Package inputenc Error: Unicode character —Ä (U+0440)
(inputenc)                not set up for use with LaTeX.

See the inputenc package documentation for explanation.
Type  H <return>  for immediate help.
 ...                                              
                                                  
l.9 \section{–ü—Ä–∞–∫—Ç–∏—á–µ—Å–∫–æ–µ —Ä
                                        –µ—à–µ–Ω–∏–µ –∑–∞–¥–∞—á}
You may provide a definition with
\DeclareUnicodeCharacter 


! Package inputenc Error: Unicode character –µ (U+0435)
(inputenc)                not set up for use with LaTeX.

See the inputenc package documentation for explanation.
Type  H <return>  for immediate help.
 ...                                              
                                                  
l.9 \section{–ü—Ä–∞–∫—Ç–∏—á–µ—Å–∫–æ–µ —Ä–µ
                                          —à–µ–Ω–∏–µ –∑–∞–¥–∞—á}
You may provide a definition with
\DeclareUnicodeCharacter 


! Package inputenc Error: Unicode character —à (U+0448)
(inputenc)                not set up for use with LaTeX.

See the inputenc package documentation for explanation.
Type  H <return>  for immediate help.
 ...                                              
                                                  
l.9 \section{–ü—Ä–∞–∫—Ç–∏—á–µ—Å–∫–æ–µ —Ä–µ—à
                                            –µ–Ω–∏–µ –∑–∞–¥–∞—á}
You may provide a definition with
\DeclareUnicodeCharacter 


! Package inputenc Error: Unicode character –µ (U+0435)
(inputenc)                not set up for use with LaTeX.

See the inputenc package documentation for explanation.
Type  H <return>  for immediate help.
 ...                                              
                                                  
l.9 \section{–ü—Ä–∞–∫—Ç–∏—á–µ—Å–∫–æ–µ —Ä–µ—à–µ
                                              –Ω–∏–µ –∑–∞–¥–∞—á}
You may provide a definition with
\DeclareUnicodeCharacter 


! Package inputenc Error: Unicode character –Ω (U+043D)
(inputenc)                not set up for use with LaTeX.

See the inputenc package documentation for explanation.
Type  H <return>  for immediate help.
 ...                                              
                                                  
l.9 \section{–ü—Ä–∞–∫—Ç–∏—á–µ—Å–∫–æ–µ —Ä–µ—à–µ–Ω
                                                –∏–µ –∑–∞–¥–∞—á}
You may provide a definition with
\DeclareUnicodeCharacter 


! Package inputenc Error: Unicode character –∏ (U+0438)
(inputenc)                not set up for use with LaTeX.

See the inputenc package documentation for explanation.
Type  H <return>  for immediate help.
 ...                                              
                                                  
l.9 \section{–ü—Ä–∞–∫—Ç–∏—á–µ—Å–∫–æ–µ —Ä–µ—à–µ–Ω–∏
                                                  –µ –∑–∞–¥–∞—á}
You may provide a definition with
\DeclareUnicodeCharacter 


! Package inputenc Error: Unicode character –µ (U+0435)
(inputenc)                not set up for use with LaTeX.

See the inputenc package documentation for explanation.
Type  H <return>  for immediate help.
 ...                                              
                                                  
l.9 ...ion{–ü—Ä–∞–∫—Ç–∏—á–µ—Å–∫–æ–µ —Ä–µ—à–µ–Ω–∏–µ
                                                   –∑–∞–¥–∞—á}
You may provide a definition with
\DeclareUnicodeCharacter 


! Package inputenc Error: Unicode character –∑ (U+0437)
(inputenc)                not set up for use with LaTeX.

See the inputenc package documentation for explanation.
Type  H <return>  for immediate help.
 ...                                              
                                                  
l.9 ...{–ü—Ä–∞–∫—Ç–∏—á–µ—Å–∫–æ–µ —Ä–µ—à–µ–Ω–∏–µ –∑
                                                  –∞–¥–∞—á}
You may provide a definition with
\DeclareUnicodeCharacter 


! Package inputenc Error: Unicode character –∞ (U+0430)
(inputenc)                not set up for use with LaTeX.

See the inputenc package documentation for explanation.
Type  H <return>  for immediate help.
 ...                                              
                                                  
l.9 ...ü—Ä–∞–∫—Ç–∏—á–µ—Å–∫–æ–µ —Ä–µ—à–µ–Ω–∏–µ –∑–∞
                                                  –¥–∞—á}
You may provide a definition with
\DeclareUnicodeCharacter 


! Package inputenc Error: Unicode character –¥ (U+0434)
(inputenc)                not set up for use with LaTeX.

See the inputenc package documentation for explanation.
Type  H <return>  for immediate help.
 ...                                              
                                                  
l.9 ...Ä–∞–∫—Ç–∏—á–µ—Å–∫–æ–µ —Ä–µ—à–µ–Ω–∏–µ –∑–∞–¥
                                                  –∞—á}
You may provide a definition with
\DeclareUnicodeCharacter 


! Package inputenc Error: Unicode character –∞ (U+0430)
(inputenc)                not set up for use with LaTeX.

See the inputenc package documentation for explanation.
Type  H <return>  for immediate help.
 ...                                              
                                                  
l.9 ...∞–∫—Ç–∏—á–µ—Å–∫–æ–µ —Ä–µ—à–µ–Ω–∏–µ –∑–∞–¥–∞
                                                  —á}
You may provide a definition with
\DeclareUnicodeCharacter 


! Package inputenc Error: Unicode character —á (U+0447)
(inputenc)                not set up for use with LaTeX.

See the inputenc package documentation for explanation.
Type  H <return>  for immediate help.
 ...                                              
                                                  
l.9 ...∫—Ç–∏—á–µ—Å–∫–æ–µ —Ä–µ—à–µ–Ω–∏–µ –∑–∞–¥–∞—á
                                                  }
You may provide a definition with
\DeclareUnicodeCharacter 

! Undefined control sequence.
l.10 \subfile
             {parts/results.tex}
The control sequence at the end of the top line
of your error message was never \def'ed. If you have
misspelled it (e.g., `\hobx'), type `I' and the correct
spelling (e.g., `I\hbox'). Otherwise just continue,
and I'll forget about whatever was undefined.

! Undefined control sequence.
l.11 \section
             {–û–±–æ—Å–Ω–æ–≤–∞–Ω–∏–µ —Ä–µ–∑—É–ª—å—Ç–∞—Ç–æ–≤}
The control sequence at the end of the top line
of your error message was never \def'ed. If you have
misspelled it (e.g., `\hobx'), type `I' and the correct
spelling (e.g., `I\hbox'). Otherwise just continue,
and I'll forget about whatever was undefined.


! Package inputenc Error: Unicode character –û (U+041E)
(inputenc)                not set up for use with LaTeX.

See the inputenc package documentation for explanation.
Type  H <return>  for immediate help.
 ...                                              
                                                  
l.11 \section{–û
                –±–æ—Å–Ω–æ–≤–∞–Ω–∏–µ —Ä–µ–∑—É–ª—å—Ç–∞—Ç–æ–≤}
You may provide a definition with
\DeclareUnicodeCharacter 


! Package inputenc Error: Unicode character –± (U+0431)
(inputenc)                not set up for use with LaTeX.

See the inputenc package documentation for explanation.
Type  H <return>  for immediate help.
 ...                                              
                                                  
l.11 \section{–û–±
                  –æ—Å–Ω–æ–≤–∞–Ω–∏–µ —Ä–µ–∑—É–ª—å—Ç–∞—Ç–æ–≤}
(That makes 100 errors; please try again.) 
Here is how much of TeX's memory you used:
 262 strings out of 479618
 6664 string characters out of 2865026
 274624 words of memory out of 3000000
 17513 multiletter control sequences out of 15000+200000
 403430 words of font info for 27 fonts, out of 3000000 for 9000
 1141 hyphenation exceptions out of 8191
 57i,0n,63p,173b,38s stack positions out of 5000i,500n,10000p,200000b,50000s

!  ==> Fatal error occurred, no output PDF file produced!
